Copyright 1986-2022 Xilinx, Inc. All Rights Reserved. Copyright 2022-2023 Advanced Micro Devices, Inc. All Rights Reserved.
---------------------------------------------------------------------------------------------------------------------------------------------
| Tool Version : Vivado v.2023.1 (win64) Build 3865809 Sun May  7 15:05:29 MDT 2023
| Date         : Fri Dec  8 19:57:40 2023
| Host         : NaphanCcnp-Laptop running 64-bit major release  (build 9200)
| Command      : report_control_sets -verbose -file pong_top_control_sets_placed.rpt
| Design       : pong_top
| Device       : xc7a35t
---------------------------------------------------------------------------------------------------------------------------------------------

Control Set Information

Table of Contents
-----------------
1. Summary
2. Histogram
3. Flip-Flop Distribution
4. Detailed Control Set Information

1. Summary
----------

+----------------------------------------------------------+-------+
|                          Status                          | Count |
+----------------------------------------------------------+-------+
| Total control sets                                       |     9 |
|    Minimum number of control sets                        |     9 |
|    Addition due to synthesis replication                 |     0 |
|    Addition due to physical synthesis replication        |     0 |
| Unused register locations in slices containing registers |    37 |
+----------------------------------------------------------+-------+
* Control sets can be merged at opt_design using control_set_merge or merge_equivalent_drivers
** Run report_qor_suggestions for automated merging and remapping suggestions


2. Histogram
------------

+--------------------+-------+
|       Fanout       | Count |
+--------------------+-------+
| Total control sets |     9 |
| >= 0 to < 4        |     0 |
| >= 4 to < 6        |     2 |
| >= 6 to < 8        |     1 |
| >= 8 to < 10       |     0 |
| >= 10 to < 12      |     3 |
| >= 12 to < 14      |     1 |
| >= 14 to < 16      |     0 |
| >= 16              |     2 |
+--------------------+-------+
* Control sets can be remapped at either synth_design or opt_design


3. Flip-Flop Distribution
-------------------------

+--------------+-----------------------+------------------------+-----------------+--------------+
| Clock Enable | Synchronous Set/Reset | Asynchronous Set/Reset | Total Registers | Total Slices |
+--------------+-----------------------+------------------------+-----------------+--------------+
| No           | No                    | No                     |               0 |            0 |
| No           | No                    | Yes                    |              40 |           18 |
| No           | Yes                   | No                     |               0 |            0 |
| Yes          | No                    | No                     |               0 |            0 |
| Yes          | No                    | Yes                    |              67 |           25 |
| Yes          | Yes                   | No                     |               0 |            0 |
+--------------+-----------------------+------------------------+-----------------+--------------+


4. Detailed Control Set Information
-----------------------------------

+-------------------------------+-------------------------------------------------+------------------+------------------+----------------+--------------+
|          Clock Signal         |                  Enable Signal                  | Set/Reset Signal | Slice Load Count | Bel Load Count | Bels / Slice |
+-------------------------------+-------------------------------------------------+------------------+------------------+----------------+--------------+
|  clk_IBUF_BUFG                | graph_unit/E[0]                                 | reset_IBUF       |                1 |              4 |         4.00 |
|  clk_IBUF_BUFG                | graph_unit/FSM_sequential_state_reg_reg[0]_1[0] | reset_IBUF       |                2 |              4 |         2.00 |
|  clk_IBUF_BUFG                | vga_unit/E[0]                                   | reset_IBUF       |                3 |              7 |         2.33 |
|  vga_unit/r_25MHz_reg[1]_0[0] |                                                 | reset_IBUF       |                5 |             10 |         2.00 |
|  vga_unit/r_25MHz_reg[1]_0[0] | vga_unit/v_count_next[9]_i_1_n_0                | reset_IBUF       |                4 |             10 |         2.50 |
|  clk_IBUF_BUFG                | graph_unit/y_pad_next                           | reset_IBUF       |                4 |             10 |         2.50 |
|  clk_IBUF_BUFG                | vga_unit/r_25MHz_reg[1]_0[0]                    | reset_IBUF       |                4 |             12 |         3.00 |
|  clk_IBUF_BUFG                | vga_unit/FSM_sequential_state_reg_reg[1][0]     | reset_IBUF       |                7 |             20 |         2.86 |
|  clk_IBUF_BUFG                |                                                 | reset_IBUF       |               13 |             30 |         2.31 |
+-------------------------------+-------------------------------------------------+------------------+------------------+----------------+--------------+


